c:\users\user\desktop\yt\trunk\youngteam\client\default\x64\release\client.pch
c:\users\user\desktop\yt\trunk\youngteam\client\default\x64\release\vc140.pdb
c:\users\user\desktop\yt\trunk\youngteam\client\default\x64\release\stdafx.obj
c:\users\user\desktop\yt\trunk\youngteam\client\default\x64\release\terrain.obj
c:\users\user\desktop\yt\trunk\youngteam\client\default\x64\release\sword.obj
c:\users\user\desktop\yt\trunk\youngteam\client\default\x64\release\stone.obj
c:\users\user\desktop\yt\trunk\youngteam\client\default\x64\release\sky.obj
c:\users\user\desktop\yt\trunk\youngteam\client\default\x64\release\scene_stage.obj
c:\users\user\desktop\yt\trunk\youngteam\client\default\x64\release\scene_logo.obj
c:\users\user\desktop\yt\trunk\youngteam\client\default\x64\release\player.obj
c:\users\user\desktop\yt\trunk\youngteam\client\default\x64\release\mainapp.obj
c:\users\user\desktop\yt\trunk\youngteam\client\default\x64\release\loading.obj
c:\users\user\desktop\yt\trunk\youngteam\client\default\x64\release\playercontroller.obj
c:\users\user\desktop\yt\trunk\youngteam\client\default\x64\release\particle.obj
c:\users\user\desktop\yt\trunk\youngteam\client\default\x64\release\monster.obj
c:\users\user\desktop\yt\trunk\youngteam\client\default\x64\release\effect_sprite.obj
c:\users\user\desktop\yt\trunk\youngteam\client\default\x64\release\effect_mesh.obj
c:\users\user\desktop\yt\trunk\youngteam\client\default\x64\release\effect_distort.obj
c:\users\user\desktop\yt\trunk\youngteam\client\default\x64\release\effect_buffer.obj
c:\users\user\desktop\yt\trunk\youngteam\client\default\x64\release\camera_player.obj
c:\users\user\desktop\yt\trunk\youngteam\client\default\x64\release\camera_dynamic.obj
c:\users\user\desktop\yt\trunk\youngteam\client\default\x64\release\camera_cctv.obj
c:\users\user\desktop\yt\trunk\youngteam\client\default\x64\release\back_logo.obj
c:\users\user\desktop\yt\trunk\youngteam\client\default\x64\release\client.obj
c:\users\user\desktop\yt\trunk\youngteam\client\default\x64\release\ui.obj
c:\users\user\desktop\yt\trunk\youngteam\client\default\x64\release\tree.obj
c:\users\user\desktop\yt\trunk\youngteam\client\bin\shader_default.cso
c:\users\user\desktop\yt\trunk\youngteam\client\bin\shader_effect.cso
c:\users\user\desktop\yt\trunk\youngteam\client\bin\shader_mesh.cso
c:\users\user\desktop\yt\trunk\youngteam\client\bin\shader_skybox.cso
c:\users\user\desktop\yt\trunk\youngteam\client\bin\shader_terrain.cso
c:\users\user\desktop\yt\trunk\youngteam\client\bin\shader_ui.cso
c:\users\user\desktop\yt\trunk\youngteam\client\bin\client.lib
c:\users\user\desktop\yt\trunk\youngteam\client\bin\client.exp
c:\users\user\desktop\yt\trunk\youngteam\client\bin\client.exe
c:\users\user\desktop\yt\trunk\youngteam\client\bin\client.ipdb
c:\users\user\desktop\yt\trunk\youngteam\client\bin\client.iobj
c:\users\user\desktop\yt\trunk\youngteam\client\bin\client.pdb
c:\users\user\desktop\yt\trunk\youngteam\client\default\x64\release\client.res
c:\users\user\desktop\yt\trunk\youngteam\client\default\..\bin\client.exe
c:\users\user\desktop\yt\trunk\youngteam\client\default\x64\release\client.tlog\cl.command.1.tlog
c:\users\user\desktop\yt\trunk\youngteam\client\default\x64\release\client.tlog\cl.read.1.tlog
c:\users\user\desktop\yt\trunk\youngteam\client\default\x64\release\client.tlog\cl.write.1.tlog
c:\users\user\desktop\yt\trunk\youngteam\client\default\x64\release\client.tlog\client.write.1u.tlog
c:\users\user\desktop\yt\trunk\youngteam\client\default\x64\release\client.tlog\fxc.command.1.tlog
c:\users\user\desktop\yt\trunk\youngteam\client\default\x64\release\client.tlog\fxc.read.1.tlog
c:\users\user\desktop\yt\trunk\youngteam\client\default\x64\release\client.tlog\fxc.write.1.tlog
c:\users\user\desktop\yt\trunk\youngteam\client\default\x64\release\client.tlog\link.command.1.tlog
c:\users\user\desktop\yt\trunk\youngteam\client\default\x64\release\client.tlog\link.read.1.tlog
c:\users\user\desktop\yt\trunk\youngteam\client\default\x64\release\client.tlog\link.write.1.tlog
c:\users\user\desktop\yt\trunk\youngteam\client\default\x64\release\client.tlog\rc.command.1.tlog
c:\users\user\desktop\yt\trunk\youngteam\client\default\x64\release\client.tlog\rc.read.1.tlog
c:\users\user\desktop\yt\trunk\youngteam\client\default\x64\release\client.tlog\rc.write.1.tlog
