  AbilityUI.cpp
  AIController.cpp
D:\PersonProject\Team\Client\Codes\AIController.cpp(584,61): warning C4267: '초기화 중': 'size_t'에서 'int'(으)로 변환하면서 데이터가 손실될 수 있습니다.
D:\PersonProject\Team\Client\Codes\AIController.cpp(617,58): warning C4267: '초기화 중': 'size_t'에서 'int'(으)로 변환하면서 데이터가 손실될 수 있습니다.
  Back_Logo.cpp
  BaseObject.cpp
  BigThug.cpp
D:\PersonProject\Team\Client\Codes\BigThug.cpp(60,16): error C3861: 'Coiiders_Add_ColliderLayer': 식별자를 찾을 수 없습니다.
D:\PersonProject\Team\Client\Codes\BigThug.cpp(62,16): error C3861: 'Coiiders_Add_ColliderLayer': 식별자를 찾을 수 없습니다.
  Bomb.cpp
  Bomb_Mask.cpp
  CameraObserver.cpp
  Camera_CCTV.cpp
  Camera_Dynamic.cpp
  Camera_Player.cpp
D:\PersonProject\Team\Client\Codes\Camera_Player.cpp(409,20): warning C4244: '초기화 중': 'double'에서 'Engine::_float'(으)로 변환하면서 데이터가 손실될 수 있습니다.
  CharacterGroup.cpp
D:\PersonProject\Team\Client\Codes\CharacterGroup.cpp(316,10): warning C4244: '인수': 'int'에서 'FLOAT'(으)로 변환하면서 데이터가 손실될 수 있습니다.
  CharacterGroupLayer.cpp
  Chucks.cpp
  ComboUI.cpp
  EffectOBJ_CL.cpp
  Effect_Buffer.cpp
  Effect_Distort.cpp
  Effect_Mesh.cpp
  Effect_Sprite.cpp
  컴파일하고 있습니다...
  ExpUI.cpp
  FadeUI.cpp
  Group_Manager.cpp
D:\PersonProject\Team\Client\Codes\Group_Manager.cpp(96,21): warning C4018: '>=': signed 또는 unsigned가 일치하지 않습니다.
D:\PersonProject\Team\Client\Codes\Group_Manager.cpp(106,24): warning C4018: '<=': signed 또는 unsigned가 일치하지 않습니다.
  Karari.cpp
D:\PersonProject\Team\Client\Codes\Karari.cpp(60,16): error C3861: 'Coiiders_Add_ColliderLayer': 식별자를 찾을 수 없습니다.
D:\PersonProject\Team\Client\Codes\Karari.cpp(62,16): error C3861: 'Coiiders_Add_ColliderLayer': 식별자를 찾을 수 없습니다.
D:\PersonProject\Team\Client\Codes\Karari.cpp(64,15): error C3861: 'Coiiders_Add_ColliderLayer': 식별자를 찾을 수 없습니다.
D:\PersonProject\Team\Client\Codes\Karari.cpp(66,15): error C3861: 'Coiiders_Add_ColliderLayer': 식별자를 찾을 수 없습니다.
D:\PersonProject\Team\Client\Codes\Karari.cpp(68,15): error C3861: 'Coiiders_Add_ColliderLayer': 식별자를 찾을 수 없습니다.
  Knife.cpp
  KnifeThug.cpp
D:\PersonProject\Team\Client\Codes\KnifeThug.cpp(65,16): error C3861: 'Coiiders_Add_ColliderLayer': 식별자를 찾을 수 없습니다.
D:\PersonProject\Team\Client\Codes\KnifeThug.cpp(67,16): error C3861: 'Coiiders_Add_ColliderLayer': 식별자를 찾을 수 없습니다.
  Inventory.cpp
  Monster.cpp
  Monster_Default_Weapon.cpp
  Mous.cpp
D:\PersonProject\Team\Client\Codes\Mous.cpp(62,16): error C3861: 'Coiiders_Add_ColliderLayer': 식별자를 찾을 수 없습니다.
D:\PersonProject\Team\Client\Codes\Mous.cpp(64,16): error C3861: 'Coiiders_Add_ColliderLayer': 식별자를 찾을 수 없습니다.
  MoveObject.cpp
  MyFont.cpp
  NameTagUI.cpp
  NaviUI.cpp
D:\PersonProject\Team\Client\Codes\NaviUI.cpp(219,19): warning C4018: '>=': signed 또는 unsigned가 일치하지 않습니다.
  OptionUI.cpp
  PausedUI.cpp
  ParkourUI.cpp
  Particle.cpp
D:\PersonProject\Team\Client\Codes\Particle.cpp(152,45): warning C4244: '=': 'float'에서 'Engine::_ulong'(으)로 변환하면서 데이터가 손실될 수 있습니다.
  PlayerChangeUI.cpp
  PlayerController.cpp
  컴파일하고 있습니다...
  ProgressUI.cpp
  Sai.cpp
  Scene_Video.cpp
  ScreenUI.cpp
  SlimThug.cpp
D:\PersonProject\Team\Client\Codes\SlimThug.cpp(854,16): error C3861: 'Coiiders_Add_ColliderLayer': 식별자를 찾을 수 없습니다.
D:\PersonProject\Team\Client\Codes\SlimThug.cpp(856,16): error C3861: 'Coiiders_Add_ColliderLayer': 식별자를 찾을 수 없습니다.
  Soldier.cpp
D:\PersonProject\Team\Client\Codes\Soldier.cpp(60,16): error C3861: 'Coiiders_Add_ColliderLayer': 식별자를 찾을 수 없습니다.
D:\PersonProject\Team\Client\Codes\Soldier.cpp(62,16): error C3861: 'Coiiders_Add_ColliderLayer': 식별자를 찾을 수 없습니다.
  Soldier_Bomb.cpp
D:\PersonProject\Team\Client\Codes\Soldier_Bomb.cpp(61,16): error C3861: 'Coiiders_Add_ColliderLayer': 식별자를 찾을 수 없습니다.
D:\PersonProject\Team\Client\Codes\Soldier_Bomb.cpp(63,16): error C3861: 'Coiiders_Add_ColliderLayer': 식별자를 찾을 수 없습니다.
  Soldier_Sword.cpp
  Staff.cpp
  UIObserver.cpp
  UI_Stats.cpp
D:\PersonProject\Team\Client\Codes\UI_Stats.cpp(723,55): error C2039: 'm_iMaxCp': 'Engine::tag_CharacterInfo'의 멤버가 아닙니다.
D:\PersonProject\Team\Reference\Headers\Character.h(11): message : 'Engine::tag_CharacterInfo' 선언을 참조하십시오.
D:\PersonProject\Team\Client\Codes\UI_Stats.cpp(724,53): error C2039: 'm_iCurCp': 'Engine::tag_CharacterInfo'의 멤버가 아닙니다.
D:\PersonProject\Team\Reference\Headers\Character.h(11): message : 'Engine::tag_CharacterInfo' 선언을 참조하십시오.
D:\PersonProject\Team\Client\Codes\UI_Stats.cpp(772,53): error C2039: 'm_iMaxCp': 'Engine::tag_CharacterInfo'의 멤버가 아닙니다.
D:\PersonProject\Team\Reference\Headers\Character.h(11): message : 'Engine::tag_CharacterInfo' 선언을 참조하십시오.
D:\PersonProject\Team\Client\Codes\UI_Stats.cpp(773,55): error C2039: 'm_iMaxCp': 'Engine::tag_CharacterInfo'의 멤버가 아닙니다.
D:\PersonProject\Team\Reference\Headers\Character.h(11): message : 'Engine::tag_CharacterInfo' 선언을 참조하십시오.
D:\PersonProject\Team\Client\Codes\UI_Stats.cpp(774,53): error C2039: 'm_iCurCp': 'Engine::tag_CharacterInfo'의 멤버가 아닙니다.
D:\PersonProject\Team\Reference\Headers\Character.h(11): message : 'Engine::tag_CharacterInfo' 선언을 참조하십시오.
D:\PersonProject\Team\Client\Codes\UI_Stats.cpp(828,53): error C2039: 'm_iMaxCp': 'Engine::tag_CharacterInfo'의 멤버가 아닙니다.
D:\PersonProject\Team\Reference\Headers\Character.h(11): message : 'Engine::tag_CharacterInfo' 선언을 참조하십시오.
D:\PersonProject\Team\Client\Codes\UI_Stats.cpp(829,55): error C2039: 'm_iMaxCp': 'Engine::tag_CharacterInfo'의 멤버가 아닙니다.
D:\PersonProject\Team\Reference\Headers\Character.h(11): message : 'Engine::tag_CharacterInfo' 선언을 참조하십시오.
D:\PersonProject\Team\Client\Codes\UI_Stats.cpp(830,53): error C2039: 'm_iCurCp': 'Engine::tag_CharacterInfo'의 멤버가 아닙니다.
D:\PersonProject\Team\Reference\Headers\Character.h(11): message : 'Engine::tag_CharacterInfo' 선언을 참조하십시오.
  Loading.cpp
  MainApp.cpp
  Player.cpp
  Scene_Logo.cpp
  Scene_Stage.cpp
  Sky.cpp
  Stone.cpp
  Sword.cpp
  Terrain.cpp
  컴파일하고 있습니다...
  Tree.cpp
  UI.cpp
  Client.cpp
