c:\development\visualstudioproject\3dteamproject\trunk\youngteam\engine\system\default\x64\release\vc140.pdb
c:\development\visualstudioproject\3dteamproject\trunk\youngteam\engine\system\default\x64\release\timer_manager.obj
c:\development\visualstudioproject\3dteamproject\trunk\youngteam\engine\system\default\x64\release\timer.obj
c:\development\visualstudioproject\3dteamproject\trunk\youngteam\engine\system\default\x64\release\text_3d.obj
c:\development\visualstudioproject\3dteamproject\trunk\youngteam\engine\system\default\x64\release\input_device.obj
c:\development\visualstudioproject\3dteamproject\trunk\youngteam\engine\system\default\x64\release\graphic_device.obj
c:\development\visualstudioproject\3dteamproject\trunk\youngteam\engine\system\default\x64\release\frame_manager.obj
c:\development\visualstudioproject\3dteamproject\trunk\youngteam\engine\system\default\x64\release\frame.obj
c:\development\visualstudioproject\3dteamproject\trunk\youngteam\engine\system\bin\system.dll
c:\development\visualstudioproject\3dteamproject\trunk\youngteam\engine\system\bin\system.ipdb
c:\development\visualstudioproject\3dteamproject\trunk\youngteam\engine\system\bin\system.iobj
c:\development\visualstudioproject\3dteamproject\trunk\youngteam\engine\system\bin\system.pdb
c:\development\visualstudioproject\3dteamproject\trunk\youngteam\engine\system\bin\system.lib
c:\development\visualstudioproject\3dteamproject\trunk\youngteam\engine\system\bin\system.exp
c:\development\visualstudioproject\3dteamproject\trunk\youngteam\engine\system\bin\shader_3dtext.cso
c:\users\pc1\desktop\youngteam\trunk\team\engine\system\default\x64\release\frame.obj
c:\users\pc1\desktop\youngteam\trunk\team\engine\system\default\x64\release\frame_manager.obj
c:\users\pc1\desktop\youngteam\trunk\team\engine\system\default\x64\release\graphic_device.obj
c:\users\pc1\desktop\youngteam\trunk\team\engine\system\default\x64\release\input_device.obj
c:\users\pc1\desktop\youngteam\trunk\team\engine\system\default\x64\release\text_3d.obj
c:\users\pc1\desktop\youngteam\trunk\team\engine\system\default\x64\release\timer.obj
c:\users\pc1\desktop\youngteam\trunk\team\engine\system\default\x64\release\timer_manager.obj
c:\users\pc1\desktop\youngteam\trunk\team\engine\system\default\x64\release\vc140.pdb
c:\users\pc1\desktop\youngteam\trunk\team\engine\system\default\..\bin\system.dll
c:\users\pc1\desktop\youngteam\trunk\team\engine\system\default\x64\release\system.tlog\cl.command.1.tlog
c:\users\pc1\desktop\youngteam\trunk\team\engine\system\default\x64\release\system.tlog\cl.read.1.tlog
c:\users\pc1\desktop\youngteam\trunk\team\engine\system\default\x64\release\system.tlog\cl.write.1.tlog
c:\users\pc1\desktop\youngteam\trunk\team\engine\system\default\x64\release\system.tlog\link.command.1.tlog
c:\users\pc1\desktop\youngteam\trunk\team\engine\system\default\x64\release\system.tlog\link.read.1.tlog
c:\users\pc1\desktop\youngteam\trunk\team\engine\system\default\x64\release\system.tlog\link.write.1.tlog
c:\users\pc1\desktop\youngteam\trunk\team\engine\system\default\x64\release\system.tlog\system.write.1u.tlog
