d:\personproject\team\engine\system\default\x64\performance\vc142.pdb
d:\personproject\team\engine\system\default\x64\performance\timer_manager.obj
d:\personproject\team\engine\system\default\x64\performance\timer.obj
d:\personproject\team\engine\system\default\x64\performance\text_3d.obj
d:\personproject\team\engine\system\default\x64\performance\input_device.obj
d:\personproject\team\engine\system\default\x64\performance\graphic_device.obj
d:\personproject\team\engine\system\default\x64\performance\frame_manager.obj
d:\personproject\team\engine\system\default\x64\performance\frame.obj
d:\personproject\team\engine\system\bin\system.dll
d:\personproject\team\engine\system\default\x64\performance\system.ipdb
d:\personproject\team\engine\system\default\x64\performance\system.iobj
d:\personproject\team\engine\system\bin\system.pdb
d:\personproject\team\engine\system\bin\system.lib
d:\personproject\team\engine\system\bin\system.exp
d:\personproject\team\engine\system\default\x64\performance\system.tlog\cl.command.1.tlog
d:\personproject\team\engine\system\default\x64\performance\system.tlog\cl.read.1.tlog
d:\personproject\team\engine\system\default\x64\performance\system.tlog\cl.write.1.tlog
d:\personproject\team\engine\system\default\x64\performance\system.tlog\link.command.1.tlog
d:\personproject\team\engine\system\default\x64\performance\system.tlog\link.read.1.tlog
d:\personproject\team\engine\system\default\x64\performance\system.tlog\link.write.1.tlog
d:\personproject\team\engine\system\default\x64\performance\system.tlog\system.write.1u.tlog
