c:\development\visualstudioproject\3dteamproject\trunk\youngteam\engine\utility\default\x64\release\vc140.pdb
c:\development\visualstudioproject\3dteamproject\trunk\youngteam\engine\utility\default\x64\release\effect_manager.obj
c:\development\visualstudioproject\3dteamproject\trunk\youngteam\engine\utility\default\x64\release\effectobj.obj
c:\development\visualstudioproject\3dteamproject\trunk\youngteam\engine\utility\default\x64\release\decal_manager.obj
c:\development\visualstudioproject\3dteamproject\trunk\youngteam\engine\utility\default\x64\release\debug_manager.obj
c:\development\visualstudioproject\3dteamproject\trunk\youngteam\engine\utility\default\x64\release\cube_texture.obj
c:\development\visualstudioproject\3dteamproject\trunk\youngteam\engine\utility\default\x64\release\controller.obj
c:\development\visualstudioproject\3dteamproject\trunk\youngteam\engine\utility\default\x64\release\component_manager.obj
c:\development\visualstudioproject\3dteamproject\trunk\youngteam\engine\utility\default\x64\release\component.obj
c:\development\visualstudioproject\3dteamproject\trunk\youngteam\engine\utility\default\x64\release\collider_manager.obj
c:\development\visualstudioproject\3dteamproject\trunk\youngteam\engine\utility\default\x64\release\collider.obj
c:\development\visualstudioproject\3dteamproject\trunk\youngteam\engine\utility\default\x64\release\character.obj
c:\development\visualstudioproject\3dteamproject\trunk\youngteam\engine\utility\default\x64\release\cell.obj
c:\development\visualstudioproject\3dteamproject\trunk\youngteam\engine\utility\default\x64\release\camera_manager.obj
c:\development\visualstudioproject\3dteamproject\trunk\youngteam\engine\utility\default\x64\release\cameralayer.obj
c:\development\visualstudioproject\3dteamproject\trunk\youngteam\engine\utility\default\x64\release\camera.obj
c:\development\visualstudioproject\3dteamproject\trunk\youngteam\engine\utility\default\x64\release\animation_ctrl.obj
c:\development\visualstudioproject\3dteamproject\trunk\youngteam\engine\utility\default\x64\release\goap_worldstate.obj
c:\development\visualstudioproject\3dteamproject\trunk\youngteam\engine\utility\default\x64\release\goap_node.obj
c:\development\visualstudioproject\3dteamproject\trunk\youngteam\engine\utility\default\x64\release\goap_ai_manager.obj
c:\development\visualstudioproject\3dteamproject\trunk\youngteam\engine\utility\default\x64\release\goap_action.obj
c:\development\visualstudioproject\3dteamproject\trunk\youngteam\engine\utility\default\x64\release\navigation.obj
c:\development\visualstudioproject\3dteamproject\trunk\youngteam\engine\utility\default\x64\release\myfx.obj
c:\development\visualstudioproject\3dteamproject\trunk\youngteam\engine\utility\default\x64\release\myeffect_particle.obj
c:\development\visualstudioproject\3dteamproject\trunk\youngteam\engine\utility\default\x64\release\myeffect_buff.obj
c:\development\visualstudioproject\3dteamproject\trunk\youngteam\engine\utility\default\x64\release\myeffect.obj
c:\development\visualstudioproject\3dteamproject\trunk\youngteam\engine\utility\default\x64\release\multitexture.obj
c:\development\visualstudioproject\3dteamproject\trunk\youngteam\engine\utility\default\x64\release\mouse.obj
c:\development\visualstudioproject\3dteamproject\trunk\youngteam\engine\utility\default\x64\release\mesh_static.obj
c:\development\visualstudioproject\3dteamproject\trunk\youngteam\engine\utility\default\x64\release\mesh_dynamic.obj
c:\development\visualstudioproject\3dteamproject\trunk\youngteam\engine\utility\default\x64\release\mesh.obj
c:\development\visualstudioproject\3dteamproject\trunk\youngteam\engine\utility\default\x64\release\material.obj
c:\development\visualstudioproject\3dteamproject\trunk\youngteam\engine\utility\default\x64\release\management.obj
c:\development\visualstudioproject\3dteamproject\trunk\youngteam\engine\utility\default\x64\release\light_manager.obj
c:\development\visualstudioproject\3dteamproject\trunk\youngteam\engine\utility\default\x64\release\light.obj
c:\development\visualstudioproject\3dteamproject\trunk\youngteam\engine\utility\default\x64\release\layer.obj
c:\development\visualstudioproject\3dteamproject\trunk\youngteam\engine\utility\default\x64\release\hierarchy_loader.obj
c:\development\visualstudioproject\3dteamproject\trunk\youngteam\engine\utility\default\x64\release\glaredefd3d.obj
c:\development\visualstudioproject\3dteamproject\trunk\youngteam\engine\utility\default\x64\release\gameobject.obj
c:\development\visualstudioproject\3dteamproject\trunk\youngteam\engine\utility\default\x64\release\frustum.obj
c:\development\visualstudioproject\3dteamproject\trunk\youngteam\engine\utility\default\x64\release\equipment.obj
c:\development\visualstudioproject\3dteamproject\trunk\youngteam\engine\utility\default\x64\release\transform.obj
c:\development\visualstudioproject\3dteamproject\trunk\youngteam\engine\utility\default\x64\release\texture.obj
c:\development\visualstudioproject\3dteamproject\trunk\youngteam\engine\utility\default\x64\release\terrain_buffer.obj
c:\development\visualstudioproject\3dteamproject\trunk\youngteam\engine\utility\default\x64\release\target_manager.obj
c:\development\visualstudioproject\3dteamproject\trunk\youngteam\engine\utility\default\x64\release\target.obj
c:\development\visualstudioproject\3dteamproject\trunk\youngteam\engine\utility\default\x64\release\subject_manager.obj
c:\development\visualstudioproject\3dteamproject\trunk\youngteam\engine\utility\default\x64\release\string_manager.obj
c:\development\visualstudioproject\3dteamproject\trunk\youngteam\engine\utility\default\x64\release\ssdecal.obj
c:\development\visualstudioproject\3dteamproject\trunk\youngteam\engine\utility\default\x64\release\shader.obj
c:\development\visualstudioproject\3dteamproject\trunk\youngteam\engine\utility\default\x64\release\scene.obj
c:\development\visualstudioproject\3dteamproject\trunk\youngteam\engine\utility\default\x64\release\resources.obj
c:\development\visualstudioproject\3dteamproject\trunk\youngteam\engine\utility\default\x64\release\renderer.obj
c:\development\visualstudioproject\3dteamproject\trunk\youngteam\engine\utility\default\x64\release\rect_texture.obj
c:\development\visualstudioproject\3dteamproject\trunk\youngteam\engine\utility\default\x64\release\rect_color.obj
c:\development\visualstudioproject\3dteamproject\trunk\youngteam\engine\utility\default\x64\release\rectui_texture.obj
c:\development\visualstudioproject\3dteamproject\trunk\youngteam\engine\utility\default\x64\release\random.obj
c:\development\visualstudioproject\3dteamproject\trunk\youngteam\engine\utility\default\x64\release\quadtree.obj
c:\development\visualstudioproject\3dteamproject\trunk\youngteam\engine\utility\default\x64\release\picking.obj
c:\development\visualstudioproject\3dteamproject\trunk\youngteam\engine\utility\default\x64\release\observer.obj
c:\development\visualstudioproject\3dteamproject\trunk\youngteam\engine\utility\default\x64\release\object_manager.obj
c:\development\visualstudioproject\3dteamproject\trunk\youngteam\engine\utility\default\x64\release\vibuffer.obj
c:\development\visualstudioproject\3dteamproject\trunk\youngteam\engine\utility\default\x64\release\trigger.obj
c:\development\visualstudioproject\3dteamproject\trunk\youngteam\engine\utility\default\x64\release\triangle_color.obj
c:\development\visualstudioproject\3dteamproject\trunk\youngteam\engine\utility\bin\shader_debug.cso
c:\development\visualstudioproject\3dteamproject\trunk\youngteam\engine\utility\bin\shader_deferred.cso
c:\development\visualstudioproject\3dteamproject\trunk\youngteam\engine\utility\bin\shader_distort.cso
c:\development\visualstudioproject\3dteamproject\trunk\youngteam\engine\utility\bin\shader_filter.cso
c:\development\visualstudioproject\3dteamproject\trunk\youngteam\engine\utility\bin\shader_hdr.cso
c:\development\visualstudioproject\3dteamproject\trunk\youngteam\engine\utility\bin\shader_light.cso
c:\development\visualstudioproject\3dteamproject\trunk\youngteam\engine\utility\bin\shader_postprocess.cso
c:\development\visualstudioproject\3dteamproject\trunk\youngteam\engine\utility\bin\shader_shadow.cso
c:\development\visualstudioproject\3dteamproject\trunk\youngteam\engine\utility\bin\shader_ssdecal.cso
c:\development\visualstudioproject\3dteamproject\trunk\youngteam\engine\utility\bin\utility.dll
c:\development\visualstudioproject\3dteamproject\trunk\youngteam\engine\utility\bin\utility.ipdb
c:\development\visualstudioproject\3dteamproject\trunk\youngteam\engine\utility\bin\utility.iobj
c:\development\visualstudioproject\3dteamproject\trunk\youngteam\engine\utility\bin\utility.pdb
c:\development\visualstudioproject\3dteamproject\trunk\youngteam\engine\utility\bin\utility.lib
c:\development\visualstudioproject\3dteamproject\trunk\youngteam\engine\utility\bin\utility.exp
c:\users\pc1\desktop\youngteam\trunk\team\engine\utility\default\x64\release\utility.vcxprojresolveassemblyreference.cache
c:\users\pc1\desktop\youngteam\trunk\team\engine\utility\default\x64\release\actionattack.obj
c:\users\pc1\desktop\youngteam\trunk\team\engine\utility\default\x64\release\animation_ctrl.obj
c:\users\pc1\desktop\youngteam\trunk\team\engine\utility\default\x64\release\basetask.obj
c:\users\pc1\desktop\youngteam\trunk\team\engine\utility\default\x64\release\camera.obj
c:\users\pc1\desktop\youngteam\trunk\team\engine\utility\default\x64\release\cameralayer.obj
c:\users\pc1\desktop\youngteam\trunk\team\engine\utility\default\x64\release\camera_manager.obj
c:\users\pc1\desktop\youngteam\trunk\team\engine\utility\default\x64\release\cell.obj
c:\users\pc1\desktop\youngteam\trunk\team\engine\utility\default\x64\release\character.obj
c:\users\pc1\desktop\youngteam\trunk\team\engine\utility\default\x64\release\collider.obj
c:\users\pc1\desktop\youngteam\trunk\team\engine\utility\default\x64\release\collider_manager.obj
c:\users\pc1\desktop\youngteam\trunk\team\engine\utility\default\x64\release\component.obj
c:\users\pc1\desktop\youngteam\trunk\team\engine\utility\default\x64\release\component_manager.obj
c:\users\pc1\desktop\youngteam\trunk\team\engine\utility\default\x64\release\compositetask.obj
c:\users\pc1\desktop\youngteam\trunk\team\engine\utility\default\x64\release\conditiontask.obj
c:\users\pc1\desktop\youngteam\trunk\team\engine\utility\default\x64\release\controller.obj
c:\users\pc1\desktop\youngteam\trunk\team\engine\utility\default\x64\release\cube_texture.obj
c:\users\pc1\desktop\youngteam\trunk\team\engine\utility\default\x64\release\debug_manager.obj
c:\users\pc1\desktop\youngteam\trunk\team\engine\utility\default\x64\release\decal_manager.obj
c:\users\pc1\desktop\youngteam\trunk\team\engine\utility\default\x64\release\effectobj.obj
c:\users\pc1\desktop\youngteam\trunk\team\engine\utility\default\x64\release\effect_manager.obj
c:\users\pc1\desktop\youngteam\trunk\team\engine\utility\default\x64\release\equipment.obj
c:\users\pc1\desktop\youngteam\trunk\team\engine\utility\default\x64\release\frustum.obj
c:\users\pc1\desktop\youngteam\trunk\team\engine\utility\default\x64\release\gameobject.obj
c:\users\pc1\desktop\youngteam\trunk\team\engine\utility\default\x64\release\glaredefd3d.obj
c:\users\pc1\desktop\youngteam\trunk\team\engine\utility\default\x64\release\goap_action.obj
c:\users\pc1\desktop\youngteam\trunk\team\engine\utility\default\x64\release\goap_ai_manager.obj
c:\users\pc1\desktop\youngteam\trunk\team\engine\utility\default\x64\release\goap_node.obj
c:\users\pc1\desktop\youngteam\trunk\team\engine\utility\default\x64\release\goap_worldstate.obj
c:\users\pc1\desktop\youngteam\trunk\team\engine\utility\default\x64\release\hierarchy_loader.obj
c:\users\pc1\desktop\youngteam\trunk\team\engine\utility\default\x64\release\layer.obj
c:\users\pc1\desktop\youngteam\trunk\team\engine\utility\default\x64\release\light.obj
c:\users\pc1\desktop\youngteam\trunk\team\engine\utility\default\x64\release\light_manager.obj
c:\users\pc1\desktop\youngteam\trunk\team\engine\utility\default\x64\release\management.obj
c:\users\pc1\desktop\youngteam\trunk\team\engine\utility\default\x64\release\material.obj
c:\users\pc1\desktop\youngteam\trunk\team\engine\utility\default\x64\release\mesh.obj
c:\users\pc1\desktop\youngteam\trunk\team\engine\utility\default\x64\release\mesh_dynamic.obj
c:\users\pc1\desktop\youngteam\trunk\team\engine\utility\default\x64\release\mesh_static.obj
c:\users\pc1\desktop\youngteam\trunk\team\engine\utility\default\x64\release\mouse.obj
c:\users\pc1\desktop\youngteam\trunk\team\engine\utility\default\x64\release\multitexture.obj
c:\users\pc1\desktop\youngteam\trunk\team\engine\utility\default\x64\release\myeffect.obj
c:\users\pc1\desktop\youngteam\trunk\team\engine\utility\default\x64\release\myeffect_buff.obj
c:\users\pc1\desktop\youngteam\trunk\team\engine\utility\default\x64\release\myeffect_particle.obj
c:\users\pc1\desktop\youngteam\trunk\team\engine\utility\default\x64\release\myfx.obj
c:\users\pc1\desktop\youngteam\trunk\team\engine\utility\default\x64\release\navigation.obj
c:\users\pc1\desktop\youngteam\trunk\team\engine\utility\default\x64\release\numericconditiontask.obj
c:\users\pc1\desktop\youngteam\trunk\team\engine\utility\default\x64\release\object_manager.obj
c:\users\pc1\desktop\youngteam\trunk\team\engine\utility\default\x64\release\observer.obj
c:\users\pc1\desktop\youngteam\trunk\team\engine\utility\default\x64\release\picking.obj
c:\users\pc1\desktop\youngteam\trunk\team\engine\utility\default\x64\release\playercontroller.obj
c:\users\pc1\desktop\youngteam\trunk\team\engine\utility\default\x64\release\quadtree.obj
c:\users\pc1\desktop\youngteam\trunk\team\engine\utility\default\x64\release\random.obj
c:\users\pc1\desktop\youngteam\trunk\team\engine\utility\default\x64\release\rectui_texture.obj
c:\users\pc1\desktop\youngteam\trunk\team\engine\utility\default\x64\release\rect_color.obj
c:\users\pc1\desktop\youngteam\trunk\team\engine\utility\default\x64\release\rect_texture.obj
c:\users\pc1\desktop\youngteam\trunk\team\engine\utility\default\x64\release\renderer.obj
c:\users\pc1\desktop\youngteam\trunk\team\engine\utility\default\x64\release\resources.obj
c:\users\pc1\desktop\youngteam\trunk\team\engine\utility\default\x64\release\scene.obj
c:\users\pc1\desktop\youngteam\trunk\team\engine\utility\default\x64\release\selector.obj
c:\users\pc1\desktop\youngteam\trunk\team\engine\utility\default\x64\release\sequence.obj
c:\users\pc1\desktop\youngteam\trunk\team\engine\utility\default\x64\release\shader.obj
c:\users\pc1\desktop\youngteam\trunk\team\engine\utility\default\x64\release\ssdecal.obj
c:\users\pc1\desktop\youngteam\trunk\team\engine\utility\default\x64\release\string_manager.obj
c:\users\pc1\desktop\youngteam\trunk\team\engine\utility\default\x64\release\subject_manager.obj
c:\users\pc1\desktop\youngteam\trunk\team\engine\utility\default\x64\release\target.obj
c:\users\pc1\desktop\youngteam\trunk\team\engine\utility\default\x64\release\target_manager.obj
c:\users\pc1\desktop\youngteam\trunk\team\engine\utility\default\x64\release\terrain_buffer.obj
c:\users\pc1\desktop\youngteam\trunk\team\engine\utility\default\x64\release\texture.obj
c:\users\pc1\desktop\youngteam\trunk\team\engine\utility\default\x64\release\transform.obj
c:\users\pc1\desktop\youngteam\trunk\team\engine\utility\default\x64\release\triangle_color.obj
c:\users\pc1\desktop\youngteam\trunk\team\engine\utility\default\x64\release\trigger.obj
c:\users\pc1\desktop\youngteam\trunk\team\engine\utility\default\x64\release\vibuffer.obj
c:\users\pc1\desktop\youngteam\trunk\team\engine\utility\default\x64\release\vc140.pdb
c:\users\pc1\desktop\youngteam\trunk\team\engine\utility\default\..\bin\utility.dll
c:\users\pc1\desktop\youngteam\trunk\team\engine\utility\default\x64\release\utility.tlog\cl.command.1.tlog
c:\users\pc1\desktop\youngteam\trunk\team\engine\utility\default\x64\release\utility.tlog\cl.read.1.tlog
c:\users\pc1\desktop\youngteam\trunk\team\engine\utility\default\x64\release\utility.tlog\cl.write.1.tlog
c:\users\pc1\desktop\youngteam\trunk\team\engine\utility\default\x64\release\utility.tlog\fxc.command.1.tlog
c:\users\pc1\desktop\youngteam\trunk\team\engine\utility\default\x64\release\utility.tlog\fxc.read.1.tlog
c:\users\pc1\desktop\youngteam\trunk\team\engine\utility\default\x64\release\utility.tlog\fxc.write.1.tlog
c:\users\pc1\desktop\youngteam\trunk\team\engine\utility\default\x64\release\utility.tlog\link.command.1.tlog
c:\users\pc1\desktop\youngteam\trunk\team\engine\utility\default\x64\release\utility.tlog\link.read.1.tlog
c:\users\pc1\desktop\youngteam\trunk\team\engine\utility\default\x64\release\utility.tlog\link.write.1.tlog
c:\users\pc1\desktop\youngteam\trunk\team\engine\utility\default\x64\release\utility.tlog\utility.write.1u.tlog
