d:\personproject\team\engine\utility\default\x64\performance\vc142.pdb
d:\personproject\team\engine\utility\default\x64\performance\effect_manager.obj
d:\personproject\team\engine\utility\default\x64\performance\effectobj.obj
d:\personproject\team\engine\utility\default\x64\performance\decal_manager.obj
d:\personproject\team\engine\utility\default\x64\performance\debug_manager.obj
d:\personproject\team\engine\utility\default\x64\performance\cube_texture.obj
d:\personproject\team\engine\utility\default\x64\performance\controller.obj
d:\personproject\team\engine\utility\default\x64\performance\component_manager.obj
d:\personproject\team\engine\utility\default\x64\performance\component.obj
d:\personproject\team\engine\utility\default\x64\performance\collider_manager.obj
d:\personproject\team\engine\utility\default\x64\performance\collider.obj
d:\personproject\team\engine\utility\default\x64\performance\character.obj
d:\personproject\team\engine\utility\default\x64\performance\cell.obj
d:\personproject\team\engine\utility\default\x64\performance\camera_manager.obj
d:\personproject\team\engine\utility\default\x64\performance\cameralayer.obj
d:\personproject\team\engine\utility\default\x64\performance\camera.obj
d:\personproject\team\engine\utility\default\x64\performance\animation_ctrl.obj
d:\personproject\team\engine\utility\default\x64\performance\goap_worldstate.obj
d:\personproject\team\engine\utility\default\x64\performance\goap_node.obj
d:\personproject\team\engine\utility\default\x64\performance\goap_ai_manager.obj
d:\personproject\team\engine\utility\default\x64\performance\goap_action.obj
d:\personproject\team\engine\utility\default\x64\performance\navigation.obj
d:\personproject\team\engine\utility\default\x64\performance\myfx.obj
d:\personproject\team\engine\utility\default\x64\performance\myeffect_particle.obj
d:\personproject\team\engine\utility\default\x64\performance\myeffect_buff.obj
d:\personproject\team\engine\utility\default\x64\performance\myeffect.obj
d:\personproject\team\engine\utility\default\x64\performance\multitexture.obj
d:\personproject\team\engine\utility\default\x64\performance\mouse.obj
d:\personproject\team\engine\utility\default\x64\performance\mesh_static.obj
d:\personproject\team\engine\utility\default\x64\performance\mesh_dynamic.obj
d:\personproject\team\engine\utility\default\x64\performance\mesh.obj
d:\personproject\team\engine\utility\default\x64\performance\material.obj
d:\personproject\team\engine\utility\default\x64\performance\management.obj
d:\personproject\team\engine\utility\default\x64\performance\light_manager.obj
d:\personproject\team\engine\utility\default\x64\performance\light.obj
d:\personproject\team\engine\utility\default\x64\performance\layer.obj
d:\personproject\team\engine\utility\default\x64\performance\hierarchy_loader.obj
d:\personproject\team\engine\utility\default\x64\performance\glaredefd3d.obj
d:\personproject\team\engine\utility\default\x64\performance\gameobject.obj
d:\personproject\team\engine\utility\default\x64\performance\frustum.obj
d:\personproject\team\engine\utility\default\x64\performance\equipment.obj
d:\personproject\team\engine\utility\default\x64\performance\transform.obj
d:\personproject\team\engine\utility\default\x64\performance\texture.obj
d:\personproject\team\engine\utility\default\x64\performance\terrain_buffer.obj
d:\personproject\team\engine\utility\default\x64\performance\target_manager.obj
d:\personproject\team\engine\utility\default\x64\performance\target.obj
d:\personproject\team\engine\utility\default\x64\performance\subject_manager.obj
d:\personproject\team\engine\utility\default\x64\performance\string_manager.obj
d:\personproject\team\engine\utility\default\x64\performance\ssdecal.obj
d:\personproject\team\engine\utility\default\x64\performance\shader.obj
d:\personproject\team\engine\utility\default\x64\performance\scene.obj
d:\personproject\team\engine\utility\default\x64\performance\resources.obj
d:\personproject\team\engine\utility\default\x64\performance\renderer.obj
d:\personproject\team\engine\utility\default\x64\performance\rect_texture.obj
d:\personproject\team\engine\utility\default\x64\performance\rect_color.obj
d:\personproject\team\engine\utility\default\x64\performance\rectui_texture.obj
d:\personproject\team\engine\utility\default\x64\performance\random.obj
d:\personproject\team\engine\utility\default\x64\performance\quadtree.obj
d:\personproject\team\engine\utility\default\x64\performance\picking.obj
d:\personproject\team\engine\utility\default\x64\performance\observer.obj
d:\personproject\team\engine\utility\default\x64\performance\object_manager.obj
d:\personproject\team\engine\utility\default\x64\performance\vibuffer.obj
d:\personproject\team\engine\utility\default\x64\performance\trigger.obj
d:\personproject\team\engine\utility\default\x64\performance\triangle_color.obj
d:\personproject\team\engine\utility\bin\shader_debug.cso
d:\personproject\team\engine\utility\bin\shader_deferred.cso
d:\personproject\team\engine\utility\bin\shader_distort.cso
d:\personproject\team\engine\utility\bin\shader_filter.cso
d:\personproject\team\engine\utility\bin\shader_hdr.cso
d:\personproject\team\engine\utility\bin\shader_light.cso
d:\personproject\team\engine\utility\bin\shader_postprocess.cso
d:\personproject\team\engine\utility\bin\shader_shadow.cso
d:\personproject\team\engine\utility\bin\shader_ssdecal.cso
d:\personproject\team\engine\utility\bin\utility.dll
d:\personproject\team\engine\utility\default\x64\performance\utility.ipdb
d:\personproject\team\engine\utility\default\x64\performance\utility.iobj
d:\personproject\team\engine\utility\bin\utility.pdb
d:\personproject\team\engine\utility\bin\utility.lib
d:\personproject\team\engine\utility\bin\utility.exp
d:\personproject\team\engine\utility\default\x64\performance\utility.tlog\cl.command.1.tlog
d:\personproject\team\engine\utility\default\x64\performance\utility.tlog\cl.read.1.tlog
d:\personproject\team\engine\utility\default\x64\performance\utility.tlog\cl.write.1.tlog
d:\personproject\team\engine\utility\default\x64\performance\utility.tlog\fxc.command.1.tlog
d:\personproject\team\engine\utility\default\x64\performance\utility.tlog\fxc.read.1.tlog
d:\personproject\team\engine\utility\default\x64\performance\utility.tlog\fxc.write.1.tlog
d:\personproject\team\engine\utility\default\x64\performance\utility.tlog\link.command.1.tlog
d:\personproject\team\engine\utility\default\x64\performance\utility.tlog\link.read.1.tlog
d:\personproject\team\engine\utility\default\x64\performance\utility.tlog\link.write.1.tlog
d:\personproject\team\engine\utility\default\x64\performance\utility.tlog\utility.write.1u.tlog
