d:\personproject\team\client\default\x64\performance\client.pch
d:\personproject\team\client\default\x64\performance\vc142.pdb
d:\personproject\team\client\default\x64\performance\stdafx.obj
d:\personproject\team\client\default\x64\performance\effect_sprite.obj
d:\personproject\team\client\default\x64\performance\effect_mesh.obj
d:\personproject\team\client\default\x64\performance\effect_distort.obj
d:\personproject\team\client\default\x64\performance\effect_buffer.obj
d:\personproject\team\client\default\x64\performance\effectobj_cl.obj
d:\personproject\team\client\default\x64\performance\comboui.obj
d:\personproject\team\client\default\x64\performance\chucks.obj
d:\personproject\team\client\default\x64\performance\charactergrouplayer.obj
d:\personproject\team\client\default\x64\performance\charactergroup.obj
d:\personproject\team\client\default\x64\performance\camera_player.obj
d:\personproject\team\client\default\x64\performance\camera_dynamic.obj
d:\personproject\team\client\default\x64\performance\camera_cctv.obj
d:\personproject\team\client\default\x64\performance\cameraobserver.obj
d:\personproject\team\client\default\x64\performance\bomb_mask.obj
d:\personproject\team\client\default\x64\performance\bomb.obj
d:\personproject\team\client\default\x64\performance\baseobject.obj
d:\personproject\team\client\default\x64\performance\back_logo.obj
d:\personproject\team\client\default\x64\performance\aicontroller.obj
d:\personproject\team\client\default\x64\performance\abilityui.obj
d:\personproject\team\client\default\x64\performance\playercontroller.obj
d:\personproject\team\client\default\x64\performance\playerchangeui.obj
d:\personproject\team\client\default\x64\performance\particle.obj
d:\personproject\team\client\default\x64\performance\parkourui.obj
d:\personproject\team\client\default\x64\performance\pausedui.obj
d:\personproject\team\client\default\x64\performance\optionui.obj
d:\personproject\team\client\default\x64\performance\naviui.obj
d:\personproject\team\client\default\x64\performance\nametagui.obj
d:\personproject\team\client\default\x64\performance\myfont.obj
d:\personproject\team\client\default\x64\performance\moveobject.obj
d:\personproject\team\client\default\x64\performance\monster_default_weapon.obj
d:\personproject\team\client\default\x64\performance\monster.obj
d:\personproject\team\client\default\x64\performance\inventory.obj
d:\personproject\team\client\default\x64\performance\knife.obj
d:\personproject\team\client\default\x64\performance\group_manager.obj
d:\personproject\team\client\default\x64\performance\fadeui.obj
d:\personproject\team\client\default\x64\performance\expui.obj
d:\personproject\team\client\default\x64\performance\terrain.obj
d:\personproject\team\client\default\x64\performance\sword.obj
d:\personproject\team\client\default\x64\performance\stone.obj
d:\personproject\team\client\default\x64\performance\sky.obj
d:\personproject\team\client\default\x64\performance\scene_stage.obj
d:\personproject\team\client\default\x64\performance\scene_logo.obj
d:\personproject\team\client\default\x64\performance\player.obj
d:\personproject\team\client\default\x64\performance\mainapp.obj
d:\personproject\team\client\default\x64\performance\loading.obj
d:\personproject\team\client\default\x64\performance\ui_stats.obj
d:\personproject\team\client\default\x64\performance\uiobserver.obj
d:\personproject\team\client\default\x64\performance\staff.obj
d:\personproject\team\client\default\x64\performance\soldier_sword.obj
d:\personproject\team\client\default\x64\performance\screenui.obj
d:\personproject\team\client\default\x64\performance\scene_video.obj
d:\personproject\team\client\default\x64\performance\sai.obj
d:\personproject\team\client\default\x64\performance\progressui.obj
d:\personproject\team\client\default\x64\performance\client.obj
d:\personproject\team\client\default\x64\performance\ui.obj
d:\personproject\team\client\default\x64\performance\tree.obj
d:\personproject\team\client\bin\shader_default.cso
d:\personproject\team\client\bin\shader_effect.cso
d:\personproject\team\client\bin\shader_font.cso
d:\personproject\team\client\bin\shader_mesh.cso
d:\personproject\team\client\bin\shader_skybox.cso
d:\personproject\team\client\bin\shader_ui.cso
d:\personproject\team\client\bin\shader_terrain.cso
d:\personproject\team\client\default\x64\performance\client.tlog\cl.command.1.tlog
d:\personproject\team\client\default\x64\performance\client.tlog\cl.read.1.tlog
d:\personproject\team\client\default\x64\performance\client.tlog\cl.write.1.tlog
d:\personproject\team\client\default\x64\performance\client.tlog\fxc.command.1.tlog
d:\personproject\team\client\default\x64\performance\client.tlog\fxc.read.1.tlog
d:\personproject\team\client\default\x64\performance\client.tlog\fxc.write.1.tlog
